<?xml version="1.0" encoding="UTF-8"?>
<testsuite name="CafeTest" tests="3" skipped="0" failures="0" errors="0" timestamp="2023-03-08T15:11:19" hostname="MBP-Vladislav-2" time="0.061">
  <properties/>
  <testcase name="shouldSetWorkTime()" classname="CafeTest" time="0.056"/>
  <testcase name="shouldAddWeekends()" classname="CafeTest" time="0.002"/>
  <testcase name="shouldRemoveWeekends()" classname="CafeTest" time="0.001"/>
  <system-out><![CDATA[]]></system-out>
  <system-err><![CDATA[]]></system-err>
</testsuite>
